seed: 1684067553
Using degree as node features
Namespace(acc='74.8+-4.7', alpha=0.2, cuda=0, dataname='IMDB-BINARY', depth=1, epochs=100, hidden=32, layer=2, lr=1e-05, out_hidden=64, rate=0.1, w=0.0005, warmup=100.0)
Epoch: 1, Loss: 0.641033947467804
Epoch: 1, Loss: 0.6511173248291016
Epoch: 1, Loss: 0.6683772802352905
Epoch: 1, Loss: 0.6590412855148315
Epoch: 2, Loss: 0.6651501059532166
Epoch: 2, Loss: 0.6561704874038696
Epoch: 2, Loss: 0.6359155774116516
Epoch: 2, Loss: 0.674778938293457
Epoch: 3, Loss: 0.6808560490608215
Epoch: 3, Loss: 0.6255260705947876
Epoch: 3, Loss: 0.6553553342819214
Epoch: 3, Loss: 0.6301358938217163
Epoch: 4, Loss: 0.6509880423545837
Epoch: 4, Loss: 0.6302323341369629
Epoch: 4, Loss: 0.6442381143569946
Epoch: 4, Loss: 0.615086019039154
Epoch: 5, Loss: 0.634366512298584
Epoch: 5, Loss: 0.6016198992729187
Epoch: 5, Loss: 0.6289582848548889
Epoch: 5, Loss: 0.6640665531158447
Epoch: 6, Loss: 0.6467331647872925
Epoch: 6, Loss: 0.6273117065429688
Epoch: 6, Loss: 0.6461732983589172
Epoch: 6, Loss: 0.6385207176208496
Epoch: 7, Loss: 0.6321936249732971
Epoch: 7, Loss: 0.6199182868003845
Epoch: 7, Loss: 0.6294945478439331
Epoch: 7, Loss: 0.6623884439468384
Epoch: 8, Loss: 0.6371777653694153
Epoch: 8, Loss: 0.6298385858535767
Epoch: 8, Loss: 0.6464861631393433
Epoch: 8, Loss: 0.6666643023490906
Epoch: 9, Loss: 0.6506043672561646
Epoch: 9, Loss: 0.6486082673072815
Epoch: 9, Loss: 0.6206617951393127
Epoch: 9, Loss: 0.6221764087677002
Epoch: 10, Loss: 0.6529353260993958
Epoch: 10, Loss: 0.6454285383224487
Epoch: 10, Loss: 0.6614528298377991
Epoch: 10, Loss: 0.6232008337974548
Epoch: 11, Loss: 0.6287835836410522
Epoch: 11, Loss: 0.6299570798873901
Epoch: 11, Loss: 0.6356860399246216
Epoch: 11, Loss: 0.6516581177711487
Epoch: 12, Loss: 0.6297763586044312
Epoch: 12, Loss: 0.6346251368522644
Epoch: 12, Loss: 0.625752329826355
Epoch: 12, Loss: 0.6085637211799622
Epoch: 13, Loss: 0.6256366968154907
Epoch: 13, Loss: 0.6271034479141235
Epoch: 13, Loss: 0.6460424065589905
Epoch: 13, Loss: 0.615972101688385
Epoch: 14, Loss: 0.5958170294761658
Epoch: 14, Loss: 0.6013292074203491
Epoch: 14, Loss: 0.6034574508666992
Epoch: 14, Loss: 0.5769348740577698
Epoch: 15, Loss: 0.6150373816490173
Epoch: 15, Loss: 0.5870335698127747
Epoch: 15, Loss: 0.5943517684936523
Epoch: 15, Loss: 0.5795625448226929
Epoch: 16, Loss: 0.5702182054519653
Epoch: 16, Loss: 0.5755345225334167
Epoch: 16, Loss: 0.5504587888717651
Epoch: 16, Loss: 0.5781689286231995
Epoch: 17, Loss: 0.5813891291618347
Epoch: 17, Loss: 0.5517332553863525
Epoch: 17, Loss: 0.562434732913971
Epoch: 17, Loss: 0.5616455078125
Epoch: 18, Loss: 0.5419101715087891
Epoch: 18, Loss: 0.5755418539047241
Epoch: 18, Loss: 0.5335102677345276
Epoch: 18, Loss: 0.5536269545555115
Epoch: 19, Loss: 0.5361347198486328
Epoch: 19, Loss: 0.5390645861625671
Epoch: 19, Loss: 0.5384406447410583
Epoch: 19, Loss: 0.5330639481544495
Epoch: 20, Loss: 0.5413398742675781
Epoch: 20, Loss: 0.5221233367919922
Epoch: 20, Loss: 0.5509705543518066
Epoch: 20, Loss: 0.5596393346786499
Epoch: 21, Loss: 0.5547415018081665
Epoch: 21, Loss: 0.532039225101471
Epoch: 21, Loss: 0.5369745492935181
Epoch: 21, Loss: 0.5636120438575745
Epoch: 22, Loss: 0.5468829870223999
Epoch: 22, Loss: 0.5266366004943848
Epoch: 22, Loss: 0.5176630616188049
Epoch: 22, Loss: 0.509611964225769
Epoch: 23, Loss: 0.5085015296936035
Epoch: 23, Loss: 0.5209389925003052
Epoch: 23, Loss: 0.5367087721824646
Epoch: 23, Loss: 0.5479635000228882
Epoch: 24, Loss: 0.5460864305496216
Epoch: 24, Loss: 0.5312275290489197
Epoch: 24, Loss: 0.5205602645874023
Epoch: 24, Loss: 0.5257083177566528
Epoch: 25, Loss: 0.5062817335128784
Epoch: 25, Loss: 0.5094245076179504
Epoch: 25, Loss: 0.5116629004478455
Epoch: 25, Loss: 0.5089914798736572
Epoch: 26, Loss: 0.5040753483772278
Epoch: 26, Loss: 0.5295064449310303
Epoch: 26, Loss: 0.4874403178691864
Epoch: 26, Loss: 0.5002641081809998
Epoch: 27, Loss: 0.5052968263626099
Epoch: 27, Loss: 0.4803115129470825
Epoch: 27, Loss: 0.5312811136245728
Epoch: 27, Loss: 0.4842091500759125
Epoch: 28, Loss: 0.47164207696914673
Epoch: 28, Loss: 0.4938126802444458
Epoch: 28, Loss: 0.5130254030227661
Epoch: 28, Loss: 0.4729628264904022
Epoch: 29, Loss: 0.5013194680213928
Epoch: 29, Loss: 0.4938606321811676
Epoch: 29, Loss: 0.5115004181861877
Epoch: 29, Loss: 0.49781039357185364
Epoch: 30, Loss: 0.5128677487373352
Epoch: 30, Loss: 0.4986487925052643
Epoch: 30, Loss: 0.4929964542388916
Epoch: 30, Loss: 0.4896373748779297
Epoch: 31, Loss: 0.4978756010532379
Epoch: 31, Loss: 0.5012723207473755
Epoch: 31, Loss: 0.4685429632663727
Epoch: 31, Loss: 0.5033344626426697
Epoch: 32, Loss: 0.4803912937641144
Epoch: 32, Loss: 0.475761353969574
Epoch: 32, Loss: 0.4758433699607849
Epoch: 32, Loss: 0.4788271486759186
Epoch: 33, Loss: 0.48219871520996094
Epoch: 33, Loss: 0.5062413215637207
Epoch: 33, Loss: 0.4894050657749176
Epoch: 33, Loss: 0.48195022344589233
Epoch: 34, Loss: 0.5107940435409546
Epoch: 34, Loss: 0.47929689288139343
Epoch: 34, Loss: 0.47774749994277954
Epoch: 34, Loss: 0.4881734549999237
Epoch: 35, Loss: 0.46579837799072266
Epoch: 35, Loss: 0.4597487449645996
Epoch: 35, Loss: 0.48268526792526245
Epoch: 35, Loss: 0.4949713349342346
Epoch: 36, Loss: 0.4974713623523712
Epoch: 36, Loss: 0.4675021171569824
Epoch: 36, Loss: 0.4719669818878174
Epoch: 36, Loss: 0.49925121665000916
Epoch: 37, Loss: 0.46186572313308716
Epoch: 37, Loss: 0.4765131175518036
Epoch: 37, Loss: 0.4845423400402069
Epoch: 37, Loss: 0.46613702178001404
Epoch: 38, Loss: 0.476516991853714
Epoch: 38, Loss: 0.4697248935699463
Epoch: 38, Loss: 0.48065510392189026
Epoch: 38, Loss: 0.4944990277290344
Epoch: 39, Loss: 0.49967631697654724
Epoch: 39, Loss: 0.46905291080474854
Epoch: 39, Loss: 0.4727481007575989
Epoch: 39, Loss: 0.4536920189857483
Epoch: 40, Loss: 0.4995621144771576
Epoch: 40, Loss: 0.48255351185798645
Epoch: 40, Loss: 0.46116843819618225
Epoch: 40, Loss: 0.48815953731536865
Epoch: 41, Loss: 0.4777640998363495
Epoch: 41, Loss: 0.46743959188461304
Epoch: 41, Loss: 0.4574166238307953
Epoch: 41, Loss: 0.5030856132507324
Epoch: 42, Loss: 0.49100634455680847
Epoch: 42, Loss: 0.47046539187431335
Epoch: 42, Loss: 0.4547840654850006
Epoch: 42, Loss: 0.4808148741722107
Epoch: 43, Loss: 0.4813089370727539
Epoch: 43, Loss: 0.46890494227409363
Epoch: 43, Loss: 0.48263832926750183
Epoch: 43, Loss: 0.4811039865016937
Epoch: 44, Loss: 0.4801710844039917
Epoch: 44, Loss: 0.465914249420166
Epoch: 44, Loss: 0.4673268496990204
Epoch: 44, Loss: 0.4878654479980469
Epoch: 45, Loss: 0.4820921719074249
Epoch: 45, Loss: 0.42375993728637695
Epoch: 45, Loss: 0.4916698634624481
Epoch: 45, Loss: 0.4981118142604828
Epoch: 46, Loss: 0.48303815722465515
Epoch: 46, Loss: 0.478619784116745
Epoch: 46, Loss: 0.46299681067466736
Epoch: 46, Loss: 0.47377100586891174
Epoch: 47, Loss: 0.4341341257095337
Epoch: 47, Loss: 0.4772856831550598
Epoch: 47, Loss: 0.48189011216163635
Epoch: 47, Loss: 0.45987024903297424
Epoch: 48, Loss: 0.4508485198020935
Epoch: 48, Loss: 0.4708394408226013
Epoch: 48, Loss: 0.4507720470428467
Epoch: 48, Loss: 0.48705756664276123
Epoch: 49, Loss: 0.4766184389591217
Epoch: 49, Loss: 0.49642470479011536
Epoch: 49, Loss: 0.43585070967674255
Epoch: 49, Loss: 0.49077510833740234
Epoch: 50, Loss: 0.4741462171077728
Epoch: 50, Loss: 0.46689000725746155
Epoch: 50, Loss: 0.46207454800605774
Epoch: 50, Loss: 0.44946277141571045
Epoch: 51, Loss: 0.484480619430542
Epoch: 51, Loss: 0.45883843302726746
Epoch: 51, Loss: 0.4639423191547394
Epoch: 51, Loss: 0.46245402097702026
Epoch: 52, Loss: 0.4978768825531006
Epoch: 52, Loss: 0.45232129096984863
Epoch: 52, Loss: 0.4677236080169678
Epoch: 52, Loss: 0.4535471796989441
Epoch: 53, Loss: 0.4584830105304718
Epoch: 53, Loss: 0.4817220866680145
Epoch: 53, Loss: 0.47280019521713257
Epoch: 53, Loss: 0.4361293613910675
Epoch: 54, Loss: 0.4493386149406433
Epoch: 54, Loss: 0.4678730070590973
Epoch: 54, Loss: 0.4454360902309418
Epoch: 54, Loss: 0.467286616563797
Epoch: 55, Loss: 0.46844595670700073
Epoch: 55, Loss: 0.49976852536201477
Epoch: 55, Loss: 0.45124322175979614
Epoch: 55, Loss: 0.4475644826889038
Epoch: 56, Loss: 0.44883808493614197
Epoch: 56, Loss: 0.471488893032074
Epoch: 56, Loss: 0.46940550208091736
Epoch: 56, Loss: 0.4603883922100067
Epoch: 57, Loss: 0.4775242507457733
Epoch: 57, Loss: 0.4502834379673004
Epoch: 57, Loss: 0.4495995342731476
Epoch: 57, Loss: 0.4592708349227905
Epoch: 58, Loss: 0.4816860556602478
Epoch: 58, Loss: 0.4469350278377533
Epoch: 58, Loss: 0.45985934138298035
Epoch: 58, Loss: 0.4479324221611023
Epoch: 59, Loss: 0.44816166162490845
Epoch: 59, Loss: 0.45012733340263367
Epoch: 59, Loss: 0.46410489082336426
Epoch: 59, Loss: 0.44407373666763306
Epoch: 60, Loss: 0.4485073387622833
Epoch: 60, Loss: 0.4504254460334778
Epoch: 60, Loss: 0.46166741847991943
Epoch: 60, Loss: 0.4407321512699127
Epoch: 61, Loss: 0.45823588967323303
Epoch: 61, Loss: 0.44386008381843567
Epoch: 61, Loss: 0.4260765612125397
Epoch: 61, Loss: 0.458954781293869
Epoch: 62, Loss: 0.46303877234458923
Epoch: 62, Loss: 0.4557710587978363
Epoch: 62, Loss: 0.45369839668273926
Epoch: 62, Loss: 0.47317442297935486
Epoch: 63, Loss: 0.4493056535720825
Epoch: 63, Loss: 0.46655523777008057
Epoch: 63, Loss: 0.44340747594833374
Epoch: 63, Loss: 0.45719456672668457
Epoch: 64, Loss: 0.4778471291065216
Epoch: 64, Loss: 0.4426931142807007
Epoch: 64, Loss: 0.44972285628318787
Epoch: 64, Loss: 0.4679814577102661
Epoch: 65, Loss: 0.42975160479545593
Epoch: 65, Loss: 0.43286463618278503
Epoch: 65, Loss: 0.4597412943840027
Epoch: 65, Loss: 0.4627481997013092
Epoch: 66, Loss: 0.44777911901474
Epoch: 66, Loss: 0.45499715209007263
Epoch: 66, Loss: 0.4520151913166046
Epoch: 66, Loss: 0.43060681223869324
Epoch: 67, Loss: 0.4388464689254761
Epoch: 67, Loss: 0.44674310088157654
Epoch: 67, Loss: 0.46364647150039673
Epoch: 67, Loss: 0.4435389041900635
Epoch: 68, Loss: 0.4567866325378418
Epoch: 68, Loss: 0.4706481099128723
Epoch: 68, Loss: 0.45221126079559326
Epoch: 68, Loss: 0.4197632074356079
Epoch: 69, Loss: 0.44151607155799866
Epoch: 69, Loss: 0.4621925354003906
Epoch: 69, Loss: 0.44738295674324036
Epoch: 69, Loss: 0.47991427779197693
Epoch: 70, Loss: 0.4738907814025879
Epoch: 70, Loss: 0.4520992338657379
Epoch: 70, Loss: 0.43709567189216614
Epoch: 70, Loss: 0.45561668276786804
Epoch: 71, Loss: 0.4398288130760193
Epoch: 71, Loss: 0.46425801515579224
Epoch: 71, Loss: 0.4546738564968109
Epoch: 71, Loss: 0.4292154312133789
Epoch: 72, Loss: 0.4320456385612488
Epoch: 72, Loss: 0.4572114050388336
Epoch: 72, Loss: 0.45845624804496765
Epoch: 72, Loss: 0.44410815834999084
Epoch: 73, Loss: 0.4703136384487152
Epoch: 73, Loss: 0.4394654631614685
Epoch: 73, Loss: 0.4786463975906372
Epoch: 73, Loss: 0.43933603167533875
Epoch: 74, Loss: 0.4308616816997528
Epoch: 74, Loss: 0.44842565059661865
Epoch: 74, Loss: 0.43493127822875977
Epoch: 74, Loss: 0.43699881434440613
Epoch: 75, Loss: 0.4639451801776886
Epoch: 75, Loss: 0.4414656162261963
Epoch: 75, Loss: 0.43765684962272644
Epoch: 75, Loss: 0.4458487331867218
Epoch: 76, Loss: 0.43400582671165466
Epoch: 76, Loss: 0.42521461844444275
Epoch: 76, Loss: 0.45536354184150696
Epoch: 76, Loss: 0.4563339650630951
Epoch: 77, Loss: 0.4180986285209656
Epoch: 77, Loss: 0.42590460181236267
Epoch: 77, Loss: 0.4455326497554779
Epoch: 77, Loss: 0.4724603593349457
Epoch: 78, Loss: 0.46341240406036377
Epoch: 78, Loss: 0.43782269954681396
Epoch: 78, Loss: 0.45623472332954407
Epoch: 78, Loss: 0.43165603280067444
Epoch: 79, Loss: 0.4325842559337616
Epoch: 79, Loss: 0.46779051423072815
Epoch: 79, Loss: 0.4465336501598358
Epoch: 79, Loss: 0.43005049228668213
Epoch: 80, Loss: 0.4242600202560425
Epoch: 80, Loss: 0.4762306809425354
Epoch: 80, Loss: 0.45039957761764526
Epoch: 80, Loss: 0.43884190917015076
Epoch: 81, Loss: 0.4199628233909607
Epoch: 81, Loss: 0.4612686336040497
Epoch: 81, Loss: 0.44439563155174255
Epoch: 81, Loss: 0.41017863154411316
Epoch: 82, Loss: 0.4394531846046448
Epoch: 82, Loss: 0.4451466202735901
Epoch: 82, Loss: 0.4079621136188507
Epoch: 82, Loss: 0.44896769523620605
Epoch: 83, Loss: 0.4256210923194885
Epoch: 83, Loss: 0.46541890501976013
Epoch: 83, Loss: 0.44106730818748474
Epoch: 83, Loss: 0.4352721869945526
Epoch: 84, Loss: 0.4434337019920349
Epoch: 84, Loss: 0.43037816882133484
Epoch: 84, Loss: 0.43083155155181885
Epoch: 84, Loss: 0.45475444197654724
Epoch: 85, Loss: 0.4310641586780548
Epoch: 85, Loss: 0.41847720742225647
Epoch: 85, Loss: 0.40849676728248596
Epoch: 85, Loss: 0.42009782791137695
Epoch: 86, Loss: 0.4505283236503601
Epoch: 86, Loss: 0.43286338448524475
Epoch: 86, Loss: 0.44584959745407104
Epoch: 86, Loss: 0.44027748703956604
Epoch: 87, Loss: 0.43868350982666016
Epoch: 87, Loss: 0.41786572337150574
Epoch: 87, Loss: 0.45788732171058655
Epoch: 87, Loss: 0.4570988714694977
Epoch: 88, Loss: 0.4445691704750061
Epoch: 88, Loss: 0.4259578287601471
Epoch: 88, Loss: 0.44140321016311646
Epoch: 88, Loss: 0.43650105595588684
Epoch: 89, Loss: 0.4307759702205658
Epoch: 89, Loss: 0.43085363507270813
Epoch: 89, Loss: 0.42176470160484314
Epoch: 89, Loss: 0.43775200843811035
Epoch: 90, Loss: 0.4264651834964752
Epoch: 90, Loss: 0.4082038104534149
Epoch: 90, Loss: 0.44517782330513
Epoch: 90, Loss: 0.4411894679069519
Epoch: 91, Loss: 0.388552725315094
Epoch: 91, Loss: 0.4467771053314209
Epoch: 91, Loss: 0.428364098072052
Epoch: 91, Loss: 0.45358285307884216
Epoch: 92, Loss: 0.4128323197364807
Epoch: 92, Loss: 0.45032718777656555
Epoch: 92, Loss: 0.42896148562431335
Epoch: 92, Loss: 0.449335515499115
Epoch: 93, Loss: 0.4399569630622864
Epoch: 93, Loss: 0.4276982545852661
Epoch: 93, Loss: 0.43441838026046753
Epoch: 93, Loss: 0.3927576243877411
Epoch: 94, Loss: 0.427947998046875
Epoch: 94, Loss: 0.42405375838279724
Epoch: 94, Loss: 0.43713146448135376
Epoch: 94, Loss: 0.4217756688594818
Epoch: 95, Loss: 0.4382215440273285
Epoch: 95, Loss: 0.4132730960845947
Epoch: 95, Loss: 0.4381220042705536
Epoch: 95, Loss: 0.3973759114742279
Epoch: 96, Loss: 0.43974146246910095
Epoch: 96, Loss: 0.41889819502830505
Epoch: 96, Loss: 0.4593409299850464
Epoch: 96, Loss: 0.4269828498363495
Epoch: 97, Loss: 0.4026433527469635
Epoch: 97, Loss: 0.4395354986190796
Epoch: 97, Loss: 0.4051660895347595
Epoch: 97, Loss: 0.42135658860206604
Epoch: 98, Loss: 0.4074908196926117
Epoch: 98, Loss: 0.45302730798721313
Epoch: 98, Loss: 0.4217287003993988
Epoch: 98, Loss: 0.4209446310997009
Epoch: 99, Loss: 0.42019233107566833
Epoch: 99, Loss: 0.4285975694656372
Epoch: 99, Loss: 0.4092850983142853
Epoch: 99, Loss: 0.42484503984451294
Epoch: 100, Loss: 0.40286320447921753
Epoch: 100, Loss: 0.41183069348335266
Epoch: 100, Loss: 0.42963653802871704
Epoch: 100, Loss: 0.4248177111148834
Namespace(acc='74.8+-4.7', alpha=0.2, cuda=0, dataname='IMDB-BINARY', depth=1, epochs=100, hidden=32, layer=2, lr=1e-05, out_hidden=64, rate=0.1, w=0.0005, warmup=100.0)
Acc: 0.722, Std: 0.04166533331199931
