Downloading /root/.dgl/PROTEINS.zip from https://www.chrsmrrs.com/graphkerneldatasets/PROTEINS.zip...
Extracting file to /root/.dgl/PROTEINS
Use node label as node features
Namespace(acc='75.83+-2.1', alpha=0.5, cuda=0, dataname='PROTEINS', depth=1, epochs=100, hidden=32, layer=2, lr=1e-05, out_hidden=64, rate=0.1, w=1e-05, warmup=100.0)
Acc: 0.7529440154440155, Std: 0.020693861641917593
Use node label as node features
Namespace(acc='75.83+-2.1', alpha=0.5, cuda=0, dataname='PROTEINS', depth=1, epochs=100, hidden=32, layer=2, lr=1e-05, out_hidden=64, rate=0.2, w=1e-05, warmup=100.0)
Acc: 0.7439752252252252, Std: 0.034577166887748645
Use node label as node features
Namespace(acc='75.83+-2.1', alpha=0.5, cuda=0, dataname='PROTEINS', depth=1, epochs=100, hidden=32, layer=2, lr=1e-05, out_hidden=64, rate=0.3, w=1e-05, warmup=100.0)
Acc: 0.7439510939510939, Std: 0.02265753452225958
Use node label as node features
Namespace(acc='75.83+-2.1', alpha=0.5, cuda=0, dataname='PROTEINS', depth=1, epochs=100, hidden=32, layer=2, lr=1e-05, out_hidden=64, rate=0.4, w=1e-05, warmup=100.0)
Acc: 0.7457368082368083, Std: 0.021241309514939192
Use node label as node features
Namespace(acc='75.83+-2.1', alpha=0.5, cuda=0, dataname='PROTEINS', depth=1, epochs=100, hidden=32, layer=2, lr=1e-05, out_hidden=64, rate=0.5, w=1e-05, warmup=100.0)
Acc: 0.7412483912483913, Std: 0.019501653021357864
Use node label as node features
Namespace(acc='75.83+-2.1', alpha=0.5, cuda=0, dataname='PROTEINS', depth=1, epochs=100, hidden=32, layer=2, lr=1e-05, out_hidden=64, rate=0.6, w=1e-05, warmup=100.0)
Acc: 0.7421412483912485, Std: 0.03011478273328832
Use node label as node features
Namespace(acc='75.83+-2.1', alpha=0.5, cuda=0, dataname='PROTEINS', depth=1, epochs=100, hidden=32, layer=2, lr=1e-05, out_hidden=64, rate=0.7, w=1e-05, warmup=100.0)
Acc: 0.74122425997426, Std: 0.03202443136742805
Use node label as node features
Namespace(acc='75.83+-2.1', alpha=0.5, cuda=0, dataname='PROTEINS', depth=1, epochs=100, hidden=32, layer=2, lr=1e-05, out_hidden=64, rate=0.8, w=1e-05, warmup=100.0)
Acc: 0.7421332046332045, Std: 0.03149822673779809
Use node label as node features
Namespace(acc='75.83+-2.1', alpha=0.5, cuda=0, dataname='PROTEINS', depth=1, epochs=100, hidden=32, layer=2, lr=1e-05, out_hidden=64, rate=0.9, w=1e-05, warmup=100.0)
Acc: 0.7439269626769626, Std: 0.026246309185268667
Use node label as node features
Namespace(acc='75.83+-2.1', alpha=0.5, cuda=0, dataname='PROTEINS', depth=1, epochs=100, hidden=32, layer=2, lr=1e-05, out_hidden=64, rate=0.1, w=1e-05, warmup=100.0)
Acc: 0.7529440154440155, Std: 0.020693861641917593
Use node label as node features
Namespace(acc='75.83+-2.1', alpha=0.5, cuda=0, dataname='PROTEINS', depth=1, epochs=100, hidden=32, layer=2, lr=1e-05, out_hidden=64, rate=0.2, w=1e-05, warmup=100.0)
Acc: 0.7439752252252252, Std: 0.034577166887748645
Use node label as node features
Namespace(acc='75.83+-2.1', alpha=0.5, cuda=0, dataname='PROTEINS', depth=1, epochs=100, hidden=32, layer=2, lr=1e-05, out_hidden=64, rate=0.3, w=1e-05, warmup=100.0)
Acc: 0.7439510939510939, Std: 0.02265753452225958
Use node label as node features
Namespace(acc='75.83+-2.1', alpha=0.5, cuda=0, dataname='PROTEINS', depth=1, epochs=100, hidden=32, layer=2, lr=1e-05, out_hidden=64, rate=0.4, w=1e-05, warmup=100.0)
Acc: 0.7457368082368083, Std: 0.021241309514939192
Use node label as node features
Namespace(acc='75.83+-2.1', alpha=0.5, cuda=0, dataname='PROTEINS', depth=1, epochs=100, hidden=32, layer=2, lr=1e-05, out_hidden=64, rate=0.5, w=1e-05, warmup=100.0)
Acc: 0.7412483912483913, Std: 0.019501653021357864
Use node label as node features
Namespace(acc='75.83+-2.1', alpha=0.5, cuda=0, dataname='PROTEINS', depth=1, epochs=100, hidden=32, layer=2, lr=1e-05, out_hidden=64, rate=0.6, w=1e-05, warmup=100.0)
Acc: 0.7421412483912485, Std: 0.03011478273328832
Use node label as node features
Namespace(acc='75.83+-2.1', alpha=0.5, cuda=0, dataname='PROTEINS', depth=1, epochs=100, hidden=32, layer=2, lr=1e-05, out_hidden=64, rate=0.7, w=1e-05, warmup=100.0)
Acc: 0.74122425997426, Std: 0.03202443136742805
Use node label as node features
Namespace(acc='75.83+-2.1', alpha=0.5, cuda=0, dataname='PROTEINS', depth=2, epochs=100, hidden=32, layer=2, lr=1e-05, out_hidden=64, rate=0.1, w=1e-05, warmup=100.0)
Acc: 0.7520431145431146, Std: 0.02109272756311532
Use node label as node features
Namespace(acc='75.83+-2.1', alpha=0.5, cuda=0, dataname='PROTEINS', depth=2, epochs=100, hidden=32, layer=2, lr=1e-05, out_hidden=64, rate=0.2, w=1e-05, warmup=100.0)
Acc: 0.7439752252252252, Std: 0.034577166887748645
Use node label as node features
Namespace(acc='75.83+-2.1', alpha=0.5, cuda=0, dataname='PROTEINS', depth=2, epochs=100, hidden=32, layer=2, lr=1e-05, out_hidden=64, rate=0.3, w=1e-05, warmup=100.0)
Acc: 0.7439510939510939, Std: 0.02265753452225958
Use node label as node features
Namespace(acc='75.83+-2.1', alpha=0.5, cuda=0, dataname='PROTEINS', depth=2, epochs=100, hidden=32, layer=2, lr=1e-05, out_hidden=64, rate=0.4, w=1e-05, warmup=100.0)
Acc: 0.7457368082368083, Std: 0.021241309514939192
Use node label as node features
Namespace(acc='75.83+-2.1', alpha=0.5, cuda=0, dataname='PROTEINS', depth=2, epochs=100, hidden=32, layer=2, lr=1e-05, out_hidden=64, rate=0.5, w=1e-05, warmup=100.0)
Acc: 0.7412483912483913, Std: 0.019501653021357864
Use node label as node features
Namespace(acc='75.83+-2.1', alpha=0.5, cuda=0, dataname='PROTEINS', depth=2, epochs=100, hidden=32, layer=2, lr=1e-05, out_hidden=64, rate=0.6, w=1e-05, warmup=100.0)
Acc: 0.7421412483912485, Std: 0.03011478273328832
Use node label as node features
Namespace(acc='75.83+-2.1', alpha=0.5, cuda=0, dataname='PROTEINS', depth=2, epochs=100, hidden=32, layer=2, lr=1e-05, out_hidden=64, rate=0.7, w=1e-05, warmup=100.0)
Acc: 0.74122425997426, Std: 0.03202443136742805
Use node label as node features
Namespace(acc='75.83+-2.1', alpha=0.5, cuda=0, dataname='PROTEINS', depth=2, epochs=100, hidden=32, layer=2, lr=1e-05, out_hidden=64, rate=0.8, w=1e-05, warmup=100.0)
Acc: 0.7421332046332045, Std: 0.03149822673779809
Use node label as node features
Namespace(acc='75.83+-2.1', alpha=0.5, cuda=0, dataname='PROTEINS', depth=2, epochs=100, hidden=32, layer=2, lr=1e-05, out_hidden=64, rate=0.9, w=1e-05, warmup=100.0)
Acc: 0.7439269626769626, Std: 0.026246309185268667
Use node label as node features
Namespace(acc='75.83+-2.1', alpha=0.5, cuda=0, dataname='PROTEINS', depth=2, epochs=100, hidden=32, layer=2, lr=1e-05, out_hidden=64, rate=0.1, w=1e-05, warmup=100.0)
Acc: 0.7529440154440155, Std: 0.020693861641917593
Use node label as node features
Namespace(acc='75.83+-2.1', alpha=0.5, cuda=0, dataname='PROTEINS', depth=2, epochs=100, hidden=32, layer=2, lr=1e-05, out_hidden=64, rate=0.2, w=1e-05, warmup=100.0)
Acc: 0.7439752252252252, Std: 0.034577166887748645
Use node label as node features
Namespace(acc='75.83+-2.1', alpha=0.5, cuda=0, dataname='PROTEINS', depth=2, epochs=100, hidden=32, layer=2, lr=1e-05, out_hidden=64, rate=0.3, w=1e-05, warmup=100.0)
Acc: 0.7439510939510939, Std: 0.02265753452225958
Use node label as node features
Namespace(acc='75.83+-2.1', alpha=0.5, cuda=0, dataname='PROTEINS', depth=2, epochs=100, hidden=32, layer=2, lr=1e-05, out_hidden=64, rate=0.4, w=1e-05, warmup=100.0)
Acc: 0.7457368082368083, Std: 0.021241309514939192
Use node label as node features
Namespace(acc='75.83+-2.1', alpha=0.5, cuda=0, dataname='PROTEINS', depth=2, epochs=100, hidden=32, layer=2, lr=1e-05, out_hidden=64, rate=0.5, w=1e-05, warmup=100.0)
Acc: 0.7412483912483913, Std: 0.019501653021357864
Use node label as node features
Namespace(acc='75.83+-2.1', alpha=0.5, cuda=0, dataname='PROTEINS', depth=2, epochs=100, hidden=32, layer=2, lr=1e-05, out_hidden=64, rate=0.6, w=1e-05, warmup=100.0)
Acc: 0.7421412483912485, Std: 0.03011478273328832
Use node label as node features
Namespace(acc='75.83+-2.1', alpha=0.5, cuda=0, dataname='PROTEINS', depth=2, epochs=100, hidden=32, layer=2, lr=1e-05, out_hidden=64, rate=0.7, w=1e-05, warmup=100.0)
Acc: 0.74122425997426, Std: 0.03202443136742805
Use node label as node features
Namespace(acc='75.83+-2.1', alpha=0.5, cuda=0, dataname='PROTEINS', depth=3, epochs=100, hidden=32, layer=2, lr=1e-05, out_hidden=64, rate=0.1, w=1e-05, warmup=100.0)
Acc: 0.7529440154440155, Std: 0.020693861641917593
Use node label as node features
Namespace(acc='75.83+-2.1', alpha=0.5, cuda=0, dataname='PROTEINS', depth=3, epochs=100, hidden=32, layer=2, lr=1e-05, out_hidden=64, rate=0.2, w=1e-05, warmup=100.0)
Acc: 0.7439752252252252, Std: 0.034577166887748645
Use node label as node features
Namespace(acc='75.83+-2.1', alpha=0.5, cuda=0, dataname='PROTEINS', depth=3, epochs=100, hidden=32, layer=2, lr=1e-05, out_hidden=64, rate=0.3, w=1e-05, warmup=100.0)
Acc: 0.7439510939510939, Std: 0.02265753452225958
Use node label as node features
Namespace(acc='75.83+-2.1', alpha=0.5, cuda=0, dataname='PROTEINS', depth=3, epochs=100, hidden=32, layer=2, lr=1e-05, out_hidden=64, rate=0.4, w=1e-05, warmup=100.0)
Acc: 0.7457368082368083, Std: 0.021241309514939192
Use node label as node features
Namespace(acc='75.83+-2.1', alpha=0.5, cuda=0, dataname='PROTEINS', depth=3, epochs=100, hidden=32, layer=2, lr=1e-05, out_hidden=64, rate=0.5, w=1e-05, warmup=100.0)
Acc: 0.7412483912483913, Std: 0.019501653021357864
Use node label as node features
Namespace(acc='75.83+-2.1', alpha=0.5, cuda=0, dataname='PROTEINS', depth=3, epochs=100, hidden=32, layer=2, lr=1e-05, out_hidden=64, rate=0.6, w=1e-05, warmup=100.0)
Acc: 0.7421412483912485, Std: 0.03011478273328832
Use node label as node features
Namespace(acc='75.83+-2.1', alpha=0.5, cuda=0, dataname='PROTEINS', depth=3, epochs=100, hidden=32, layer=2, lr=1e-05, out_hidden=64, rate=0.7, w=1e-05, warmup=100.0)
Acc: 0.74122425997426, Std: 0.03202443136742805
Use node label as node features
Namespace(acc='75.83+-2.1', alpha=0.5, cuda=0, dataname='PROTEINS', depth=3, epochs=100, hidden=32, layer=2, lr=1e-05, out_hidden=64, rate=0.8, w=1e-05, warmup=100.0)
Acc: 0.7421332046332045, Std: 0.03149822673779809
Use node label as node features
Namespace(acc='75.83+-2.1', alpha=0.5, cuda=0, dataname='PROTEINS', depth=3, epochs=100, hidden=32, layer=2, lr=1e-05, out_hidden=64, rate=0.9, w=1e-05, warmup=100.0)
Acc: 0.7439269626769626, Std: 0.026246309185268667
Use node label as node features
Namespace(acc='75.83+-2.1', alpha=0.5, cuda=0, dataname='PROTEINS', depth=3, epochs=100, hidden=32, layer=2, lr=1e-05, out_hidden=64, rate=0.1, w=1e-05, warmup=100.0)
Acc: 0.7520431145431146, Std: 0.02109272756311532
Use node label as node features
Namespace(acc='75.83+-2.1', alpha=0.5, cuda=0, dataname='PROTEINS', depth=3, epochs=100, hidden=32, layer=2, lr=1e-05, out_hidden=64, rate=0.2, w=1e-05, warmup=100.0)
Acc: 0.7439752252252252, Std: 0.034577166887748645
Use node label as node features
Namespace(acc='75.83+-2.1', alpha=0.5, cuda=0, dataname='PROTEINS', depth=3, epochs=100, hidden=32, layer=2, lr=1e-05, out_hidden=64, rate=0.3, w=1e-05, warmup=100.0)
Acc: 0.7439510939510939, Std: 0.02265753452225958
Use node label as node features
Namespace(acc='75.83+-2.1', alpha=0.5, cuda=0, dataname='PROTEINS', depth=3, epochs=100, hidden=32, layer=2, lr=1e-05, out_hidden=64, rate=0.4, w=1e-05, warmup=100.0)
Acc: 0.7457368082368083, Std: 0.021241309514939192
Use node label as node features
Namespace(acc='75.83+-2.1', alpha=0.5, cuda=0, dataname='PROTEINS', depth=3, epochs=100, hidden=32, layer=2, lr=1e-05, out_hidden=64, rate=0.5, w=1e-05, warmup=100.0)
Acc: 0.7412483912483913, Std: 0.019501653021357864
Use node label as node features
Namespace(acc='75.83+-2.1', alpha=0.5, cuda=0, dataname='PROTEINS', depth=3, epochs=100, hidden=32, layer=2, lr=1e-05, out_hidden=64, rate=0.6, w=1e-05, warmup=100.0)
Acc: 0.7421412483912485, Std: 0.03011478273328832
Use node label as node features
Namespace(acc='75.83+-2.1', alpha=0.5, cuda=0, dataname='PROTEINS', depth=3, epochs=100, hidden=32, layer=2, lr=1e-05, out_hidden=64, rate=0.7, w=1e-05, warmup=100.0)
Acc: 0.74122425997426, Std: 0.03202443136742805
